\BOOKMARK [1][-]{section.1}{Entstehung und Grundgedanken}{}% 1
\BOOKMARK [2][-]{subsection.1.1}{Einleitung}{section.1}% 2
\BOOKMARK [2][-]{subsection.1.2}{FRAGEN CCD Prinzipien}{section.1}% 3
\BOOKMARK [3][-]{subsubsection.1.2.1}{KISS}{subsection.1.2}% 4
\BOOKMARK [3][-]{subsubsection.1.2.2}{YAGNI}{subsection.1.2}% 5
\BOOKMARK [3][-]{subsubsection.1.2.3}{Lose Koppelung}{subsection.1.2}% 6
\BOOKMARK [3][-]{subsubsection.1.2.4}{Orthogonalit\344t}{subsection.1.2}% 7
\BOOKMARK [2][-]{subsection.1.3}{Weitere Prinzipien die Beachtung find sollen}{section.1}% 8
\BOOKMARK [2][-]{subsection.1.4}{Flow Design - Was ist das?}{section.1}% 9
\BOOKMARK [2][-]{subsection.1.5}{Referenzen}{section.1}% 10
\BOOKMARK [1][-]{section.2}{Pfeile und Kreise}{}% 11
\BOOKMARK [2][-]{subsection.2.1}{DRAFT RomanNumbers Beispiel}{section.2}% 12
\BOOKMARK [2][-]{subsection.2.2}{MISSING IMAGES Hirarchische Datenfl\374sse}{section.2}% 13
\BOOKMARK [1][-]{section.3}{Notationen}{}% 14
\BOOKMARK [2][-]{subsection.3.1}{MISSING IMAGES Datentypen}{section.3}% 15
\BOOKMARK [2][-]{subsection.3.2}{MISSING IMAGES Definition eigener Datentypen}{section.3}% 16
\BOOKMARK [2][-]{subsection.3.3}{MISSING IMAGES Arrays \(auch mit fester Gr\366\337e\)}{section.3}% 17
\BOOKMARK [2][-]{subsection.3.4}{FRAGEN 0 bis n \(Datenstrom\)}{section.3}% 18
\BOOKMARK [2][-]{subsection.3.5}{FRAGEN Container / Listen}{section.3}% 19
\BOOKMARK [2][-]{subsection.3.6}{FRAGEN 0 bis 1 \(optionaler Output\)}{section.3}% 20
\BOOKMARK [2][-]{subsection.3.7}{MISSING IMAGES Mehrere Inputs / Outputs auf einem Weg}{section.3}% 21
\BOOKMARK [2][-]{subsection.3.8}{DONE Joined Inputs}{section.3}% 22
\BOOKMARK [2][-]{subsection.3.9}{FRAGEN Tonnen}{section.3}% 23
\BOOKMARK [2][-]{subsection.3.10}{FRAGEN Anh\344ngigkeiten / Provider}{section.3}% 24
\BOOKMARK [2][-]{subsection.3.11}{MISSING IMAGES GUIS / Programmstart/ Ende}{section.3}% 25
\BOOKMARK [2][-]{subsection.3.12}{DRAFT Klassen / Container definieren}{section.3}% 26
\BOOKMARK [2][-]{subsection.3.13}{Referenzen}{section.3}% 27
\BOOKMARK [1][-]{section.4}{Implementation}{}% 28
\BOOKMARK [2][-]{subsection.4.1}{IODA Architekur}{section.4}% 29
\BOOKMARK [3][-]{subsubsection.4.1.1}{DRAFT Erl\344uterung des Schaubildes}{subsection.4.1}% 30
\BOOKMARK [3][-]{subsubsection.4.1.2}{DRAFT PoMO \( Principle of Mutual Oblivion\)}{subsection.4.1}% 31
\BOOKMARK [3][-]{subsubsection.4.1.3}{DRAFT IOSP \( Integration Operation Segregation Principle\)}{subsection.4.1}% 32
\BOOKMARK [3][-]{subsubsection.4.1.4}{DONE Tabelle - IOSP auf einen Blick}{subsection.4.1}% 33
\BOOKMARK [2][-]{subsection.4.2}{DONE Beispiel foreach und Funktionsaufruf als negativ Beispiel.}{section.4}% 34
\BOOKMARK [2][-]{subsection.4.3}{C\043 Features um Datenfl\374sse zu implementieren}{section.4}% 35
\BOOKMARK [3][-]{subsubsection.4.3.1}{DRAFT LINQ und Lambdas}{subsection.4.3}% 36
\BOOKMARK [3][-]{subsubsection.4.3.2}{DRAFT yield return}{subsection.4.3}% 37
\BOOKMARK [2][-]{subsection.4.4}{FRAGEN Datenstr\366me mit mehreren Wegen}{section.4}% 38
\BOOKMARK [3][-]{subsubsection.4.4.1}{Ein Output-Weg mehrer Empf\344nger}{subsection.4.4}% 39
\BOOKMARK [3][-]{subsubsection.4.4.2}{DRAFT Mehrere Output-Wege}{subsection.4.4}% 40
\BOOKMARK [3][-]{subsubsection.4.4.3}{FRAGEN mit und/oder den Kontrollfluss notieren.}{subsection.4.4}% 41
\BOOKMARK [2][-]{subsection.4.5}{Weitere Beispiele was erlaubt ist und was nicht erlaubt ist.}{section.4}% 42
\BOOKMARK [3][-]{subsubsection.4.5.1}{DONE R\374ckgabewert erwarten von Funktion als Parameter \374bergeben.}{subsection.4.5}% 43
\BOOKMARK [3][-]{subsubsection.4.5.2}{TODO API-Aufruf, Filehandling?, Daten in Integrationen?}{subsection.4.5}% 44
\BOOKMARK [2][-]{subsection.4.6}{TODO Warum macht man das? Sinn der Aufteilung.}{section.4}% 45
\BOOKMARK [2][-]{subsection.4.7}{DRAFT Ausnahmen}{section.4}% 46
\BOOKMARK [3][-]{subsubsection.4.7.1}{TODO Rekursion}{subsection.4.7}% 47
\BOOKMARK [3][-]{subsubsection.4.7.2}{DONE Integrationen}{subsection.4.7}% 48
\BOOKMARK [2][-]{subsection.4.8}{FRAGEN Zusammenfassung - IODA Architekur - Tabelle}{section.4}% 49
\BOOKMARK [2][-]{subsection.4.9}{Leserlichkeit}{section.4}% 50
\BOOKMARK [3][-]{subsubsection.4.9.1}{Integration gibt Funktionspointer an Operationen, welche diesen jedoch auch nur an die n\344chste Operation weitergibt.}{subsection.4.9}% 51
\BOOKMARK [1][-]{section.5}{Die Entwurfsmethode}{}% 52
\BOOKMARK [2][-]{subsection.5.1}{TODO Definieren der Portale und Provider}{section.5}% 53
\BOOKMARK [2][-]{subsection.5.2}{TODO Interfaceskizze \( im Falle einer GUI Anwendung \)}{section.5}% 54
\BOOKMARK [2][-]{subsection.5.3}{TODO Flow Design Entwurf}{section.5}% 55
\BOOKMARK [2][-]{subsection.5.4}{FRAGEN Einordnen der Funktionseinheiten in bestimmte Container}{section.5}% 56
\BOOKMARK [2][-]{subsection.5.5}{FRAGEN Optional - Bestimmen von Parallelit\344ten}{section.5}% 57
\BOOKMARK [1][-]{section.6}{TODO Rekursive Eigenschaft}{}% 58
\BOOKMARK [1][-]{section.7}{Backlog}{}% 59
\BOOKMARK [2][-]{subsection.7.1}{Einfaches Beispiel eines Flow Designs}{section.7}% 60
\BOOKMARK [3][-]{subsubsection.7.1.1}{Negativ Beispiel}{subsection.7.1}% 61
